<?xml version="1.0" encoding="UTF-8"?>
<testng-results ignored="0" total="1" passed="1" failed="0" skipped="0">
  <reporter-output>
  </reporter-output>
  <suite started-at="2024-01-06T10:36:12 IST" name="Default suite" finished-at="2024-01-06T10:36:24 IST" duration-ms="11977">
    <groups>
    </groups>
    <test started-at="2024-01-06T10:36:12 IST" name="Default test" finished-at="2024-01-06T10:36:24 IST" duration-ms="11977">
      <class name="webAppTestPackeg.WebdriverManagerTest">
        <test-method signature="c()[pri:0, instance:webAppTestPackeg.WebdriverManagerTest@62379589]" started-at="2024-01-06T10:36:12 IST" name="c" finished-at="2024-01-06T10:36:23 IST" duration-ms="11866" status="PASS">
          <reporter-output>
          </reporter-output>
        </test-method> <!-- c -->
      </class> <!-- webAppTestPackeg.WebdriverManagerTest -->
    </test> <!-- Default test -->
  </suite> <!-- Default suite -->
</testng-results>
